<?xml version="1.0" encoding="UTF-8"?>
<!-- Generated by org.testng.reporters.JUnitReportReporter -->
<testsuite hostname="DESKTOP-RARCBNQ" failures="0" tests="1" name="com.juaracoding.test.seacrh_test.TestRunnerSearch" time="62.188" errors="0" timestamp="2022-11-19T13:29:25 WIB" skipped="0">
  <testcase classname="com.juaracoding.test.seacrh_test.TestRunnerSearch" name="runScenario" time="62.188"/>
  <system-out/>
</testsuite> <!-- com.juaracoding.test.seacrh_test.TestRunnerSearch -->
