<?xml version="1.0" encoding="UTF-8"?>
<!-- Generated by org.testng.reporters.JUnitReportReporter -->
<testsuite hostname="DESKTOP-RARCBNQ" failures="0" tests="2" name="com.juaracoding.test.polindrome_test.TestRunnerPalindrome" time="6.380" errors="0" timestamp="2022-11-19T10:39:03 WIB" skipped="0">
  <testcase classname="com.juaracoding.test.polindrome_test.TestRunnerPalindrome" name="runScenario" time="3.262"/>
  <system-out/>
  <testcase classname="com.juaracoding.test.polindrome_test.TestRunnerPalindrome" name="runScenario" time="3.118"/>
  <system-out/>
</testsuite> <!-- com.juaracoding.test.polindrome_test.TestRunnerPalindrome -->
