<?xml version="1.0" encoding="UTF-8"?>
<!-- Generated by org.testng.reporters.JUnitReportReporter -->
<testsuite hostname="DESKTOP-RARCBNQ" failures="0" tests="1" name="com.juaracoding.test.seacrh_test.TestRunnerSearch" time="43.341" errors="0" timestamp="2022-11-19T10:57:28 WIB" skipped="0">
  <testcase classname="com.juaracoding.test.seacrh_test.TestRunnerSearch" name="runScenario" time="43.341"/>
  <system-out/>
</testsuite> <!-- com.juaracoding.test.seacrh_test.TestRunnerSearch -->
